# JRE version: Java(TM) SE Runtime Environment (8.0_131-b11) (build 1.8.0_131-b11)
# Java VM: Java HotSpot(TM) 64-Bit Server VM (25.131-b11 mixed mode windows-amd64 compressed oops)
Heap:
 PSYoungGen      total 337408K, used 95567K [0x00000000d5d80000, 0x00000000f0680000, 0x0000000100000000)
  eden space 308224K, 21% used [0x00000000d5d80000,0x00000000d9e58f48,0x00000000e8a80000)
  from space 29184K, 99% used [0x00000000edc80000,0x00000000ef8fade0,0x00000000ef900000)
  to   space 13824K, 0% used [0x00000000ef900000,0x00000000ef900000,0x00000000f0680000)
 ParOldGen       total 115712K, used 42811K [0x0000000081800000, 0x0000000088900000, 0x00000000d5d80000)
  object space 115712K, 36% used [0x0000000081800000,0x00000000841ced10,0x0000000088900000)
 Metaspace       used 64567K, capacity 69808K, committed 70016K, reserved 1110016K
  class space    used 8895K, capacity 9767K, committed 9856K, reserved 1048576K
GC Heap History (10 events):
Event: 9522.140 GC heap before
{Heap before GC invocations=27 (full 4):
 PSYoungGen      total 282624K, used 281600K [0x00000000d5d80000, 0x00000000f2900000, 0x0000000100000000)
  eden space 281600K, 100% used [0x00000000d5d80000,0x00000000e7080000,0x00000000e7080000)
  from space 1024K, 0% used [0x00000000f2800000,0x00000000f2800000,0x00000000f2900000)
  to   space 18432K, 0% used [0x00000000f0500000,0x00000000f0500000,0x00000000f1700000)
 ParOldGen       total 115712K, used 25179K [0x0000000081800000, 0x0000000088900000, 0x00000000d5d80000)
  object space 115712K, 21% used [0x0000000081800000,0x0000000083096ca0,0x0000000088900000)
 Metaspace       used 63163K, capacity 67634K, committed 67968K, reserved 1107968K
  class space    used 8735K, capacity 9498K, committed 9600K, reserved 1048576K
Event: 9522.193 GC heap after
Heap after GC invocations=27 (full 4):
 PSYoungGen      total 283648K, used 12309K [0x00000000d5d80000, 0x00000000f2880000, 0x0000000100000000)
  eden space 270848K, 0% used [0x00000000d5d80000,0x00000000d5d80000,0x00000000e6600000)
  from space 12800K, 96% used [0x00000000f0500000,0x00000000f1105760,0x00000000f1180000)
  to   space 19968K, 0% used [0x00000000f1500000,0x00000000f1500000,0x00000000f2880000)
 ParOldGen       total 115712K, used 25187K [0x0000000081800000, 0x0000000088900000, 0x00000000d5d80000)
  object space 115712K, 21% used [0x0000000081800000,0x0000000083098ca0,0x0000000088900000)
 Metaspace       used 63163K, capacity 67634K, committed 67968K, reserved 1107968K
  class space    used 8735K, capacity 9498K, committed 9600K, reserved 1048576K
}
Event: 10048.451 GC heap before
{Heap before GC invocations=28 (full 4):
 PSYoungGen      total 283648K, used 283157K [0x00000000d5d80000, 0x00000000f2880000, 0x0000000100000000)
  eden space 270848K, 100% used [0x00000000d5d80000,0x00000000e6600000,0x00000000e6600000)
  from space 12800K, 96% used [0x00000000f0500000,0x00000000f1105760,0x00000000f1180000)
  to   space 19968K, 0% used [0x00000000f1500000,0x00000000f1500000,0x00000000f2880000)
 ParOldGen       total 115712K, used 25187K [0x0000000081800000, 0x0000000088900000, 0x00000000d5d80000)
  object space 115712K, 21% used [0x0000000081800000,0x0000000083098ca0,0x0000000088900000)
 Metaspace       used 63687K, capacity 68668K, committed 68864K, reserved 1107968K
  class space    used 8825K, capacity 9637K, committed 9728K, reserved 1048576K
Event: 10048.576 GC heap after
Heap after GC invocations=28 (full 4):
 PSYoungGen      total 274944K, used 14255K [0x00000000d5d80000, 0x00000000f2300000, 0x0000000100000000)
  eden space 260608K, 0% used [0x00000000d5d80000,0x00000000d5d80000,0x00000000e5c00000)
  from space 14336K, 99% used [0x00000000f1500000,0x00000000f22ebdb0,0x00000000f2300000)
  to   space 22016K, 0% used [0x00000000ef800000,0x00000000ef800000,0x00000000f0d80000)
 ParOldGen       total 115712K, used 25195K [0x0000000081800000, 0x0000000088900000, 0x00000000d5d80000)
  object space 115712K, 21% used [0x0000000081800000,0x000000008309aca0,0x0000000088900000)
 Metaspace       used 63687K, capacity 68668K, committed 68864K, reserved 1107968K
  class space    used 8825K, capacity 9637K, committed 9728K, reserved 1048576K
}
Event: 10902.419 GC heap before
{Heap before GC invocations=29 (full 4):
 PSYoungGen      total 274944K, used 274855K [0x00000000d5d80000, 0x00000000f2300000, 0x0000000100000000)
  eden space 260608K, 99% used [0x00000000d5d80000,0x00000000e5bfdfd8,0x00000000e5c00000)
  from space 14336K, 99% used [0x00000000f1500000,0x00000000f22ebdb0,0x00000000f2300000)
  to   space 22016K, 0% used [0x00000000ef800000,0x00000000ef800000,0x00000000f0d80000)
 ParOldGen       total 115712K, used 25195K [0x0000000081800000, 0x0000000088900000, 0x00000000d5d80000)
  object space 115712K, 21% used [0x0000000081800000,0x000000008309aca0,0x0000000088900000)
 Metaspace       used 64055K, capacity 69192K, committed 69376K, reserved 1110016K
  class space    used 8844K, capacity 9671K, committed 9728K, reserved 1048576K
Event: 10902.576 GC heap after
Heap after GC invocations=29 (full 4):
 PSYoungGen      total 265216K, used 14076K [0x00000000d5d80000, 0x00000000f1580000, 0x0000000100000000)
  eden space 250880K, 0% used [0x00000000d5d80000,0x00000000d5d80000,0x00000000e5280000)
  from space 14336K, 98% used [0x00000000ef800000,0x00000000f05bf120,0x00000000f0600000)
  to   space 15872K, 0% used [0x00000000f0600000,0x00000000f0600000,0x00000000f1580000)
 ParOldGen       total 115712K, used 25203K [0x0000000081800000, 0x0000000088900000, 0x00000000d5d80000)
  object space 115712K, 21% used [0x0000000081800000,0x000000008309cca0,0x0000000088900000)
 Metaspace       used 64055K, capacity 69192K, committed 69376K, reserved 1110016K
  class space    used 8844K, capacity 9671K, committed 9728K, reserved 1048576K
}
Event: 11022.665 GC heap before
{Heap before GC invocations=30 (full 4):
 PSYoungGen      total 265216K, used 264956K [0x00000000d5d80000, 0x00000000f1580000, 0x0000000100000000)
  eden space 250880K, 100% used [0x00000000d5d80000,0x00000000e5280000,0x00000000e5280000)
  from space 14336K, 98% used [0x00000000ef800000,0x00000000f05bf120,0x00000000f0600000)
  to   space 15872K, 0% used [0x00000000f0600000,0x00000000f0600000,0x00000000f1580000)
 ParOldGen       total 115712K, used 25203K [0x0000000081800000, 0x0000000088900000, 0x00000000d5d80000)
  object space 115712K, 21% used [0x0000000081800000,0x000000008309cca0,0x0000000088900000)
 Metaspace       used 64155K, capacity 69362K, committed 69376K, reserved 1110016K
  class space    used 8868K, capacity 9714K, committed 9728K, reserved 1048576K
Event: 11023.499 GC heap after
Heap after GC invocations=30 (full 4):
 PSYoungGen      total 257024K, used 15864K [0x00000000d5d80000, 0x00000000f1580000, 0x0000000100000000)
  eden space 241152K, 0% used [0x00000000d5d80000,0x00000000d5d80000,0x00000000e4900000)
  from space 15872K, 99% used [0x00000000f0600000,0x00000000f157e230,0x00000000f1580000)
  to   space 29184K, 0% used [0x00000000edc80000,0x00000000edc80000,0x00000000ef900000)
 ParOldGen       total 115712K, used 36686K [0x0000000081800000, 0x0000000088900000, 0x00000000d5d80000)
  object space 115712K, 31% used [0x0000000081800000,0x0000000083bd3b78,0x0000000088900000)
 Metaspace       used 64155K, capacity 69362K, committed 69376K, reserved 1110016K
  class space    used 8868K, capacity 9714K, committed 9728K, reserved 1048576K
}
Event: 11032.614 GC heap before
{Heap before GC invocations=31 (full 4):
 PSYoungGen      total 257024K, used 257016K [0x00000000d5d80000, 0x00000000f1580000, 0x0000000100000000)
  eden space 241152K, 100% used [0x00000000d5d80000,0x00000000e4900000,0x00000000e4900000)
  from space 15872K, 99% used [0x00000000f0600000,0x00000000f157e230,0x00000000f1580000)
  to   space 29184K, 0% used [0x00000000edc80000,0x00000000edc80000,0x00000000ef900000)
 ParOldGen       total 115712K, used 36686K [0x0000000081800000, 0x0000000088900000, 0x00000000d5d80000)
  object space 115712K, 31% used [0x0000000081800000,0x0000000083bd3b78,0x0000000088900000)
 Metaspace       used 64429K, capacity 69576K, committed 69632K, reserved 1110016K
  class space    used 8873K, capacity 9723K, committed 9728K, reserved 1048576K
Event: 11038.208 GC heap after
Heap after GC invocations=31 (full 4):
 PSYoungGen      total 337408K, used 29163K [0x00000000d5d80000, 0x00000000f0680000, 0x0000000100000000)
  eden space 308224K, 0% used [0x00000000d5d80000,0x00000000d5d80000,0x00000000e8a80000)
  from space 29184K, 99% used [0x00000000edc80000,0x00000000ef8fade0,0x00000000ef900000)
  to   space 13824K, 0% used [0x00000000ef900000,0x00000000ef900000,0x00000000f0680000)
 ParOldGen       total 115712K, used 42811K [0x0000000081800000, 0x0000000088900000, 0x00000000d5d80000)
  object space 115712K, 36% used [0x0000000081800000,0x00000000841ced10,0x0000000088900000)
 Metaspace       used 64429K, capacity 69576K, committed 69632K, reserved 1110016K
  class space    used 8873K, capacity 9723K, committed 9728K, reserved 1048576K
}

